2025-11-13 00:01:13.748 -03 [4808] LOG:  iniciando PostgreSQL 17.5 on x86_64-windows, compiled by msvc-19.44.35209, 64-bit
2025-11-13 00:01:13.752 -03 [4808] LOG:  escuchando en la dirección IPv6 «::1», port 5433
2025-11-13 00:01:13.752 -03 [4808] LOG:  escuchando en la dirección IPv4 «127.0.0.1», port 5433
2025-11-13 00:01:13.830 -03 [12104] LOG:  el sistema de bases de datos fue apagado en 2025-11-13 00:01:05 -03
2025-11-13 00:01:13.896 -03 [4808] LOG:  el sistema de bases de datos está listo para aceptar conexiones
2025-11-13 00:06:13.905 -03 [31876] LOG:  empezando checkpoint: time
2025-11-13 00:06:18.829 -03 [31876] LOG:  checkpoint completo: escritos 48 búfers (0.3%); 0 archivos WAL añadidos, 0 eliminados, 0 reciclados; write=4.905 s, sync=0.005 s, total=4.926 s; archivos sincronizados=11, más largo=0.001 s, promedio=0.001 s; distancia=287 kB, estimación=287 kB; lsn=0/15B0F30, lsn de redo=0/15B0ED8
2025-11-13 00:06:37.747 -03 [4808] LOG:  se recibió petición de apagado rápido
2025-11-13 00:06:37.749 -03 [4808] LOG:  abortando transacciones activas
2025-11-13 00:06:37.753 -03 [4808] LOG:  proceso ayudante «logical replication launcher» (PID 30968) terminó con código de salida 1
2025-11-13 00:06:37.754 -03 [31876] LOG:  apagando
2025-11-13 00:06:37.755 -03 [31876] LOG:  empezando checkpoint: shutdown immediate
2025-11-13 00:06:37.761 -03 [31876] LOG:  checkpoint completo: escritos 0 búfers (0.0%); 0 archivos WAL añadidos, 0 eliminados, 0 reciclados; write=0.001 s, sync=0.001 s, total=0.007 s; archivos sincronizados=0, más largo=0.000 s, promedio=0.000 s; distancia=0 kB, estimación=259 kB; lsn=0/15B0FE0, lsn de redo=0/15B0FE0
2025-11-13 00:06:37.769 -03 [4808] LOG:  el sistema de bases de datos está apagado
2025-11-13 00:06:41.587 -03 [20028] LOG:  iniciando PostgreSQL 17.5 on x86_64-windows, compiled by msvc-19.44.35209, 64-bit
2025-11-13 00:06:41.591 -03 [20028] LOG:  escuchando en la dirección IPv6 «::1», port 5433
2025-11-13 00:06:41.591 -03 [20028] LOG:  escuchando en la dirección IPv4 «127.0.0.1», port 5433
2025-11-13 00:06:41.782 -03 [26964] LOG:  el sistema de bases de datos fue apagado en 2025-11-13 00:06:37 -03
2025-11-13 00:06:41.844 -03 [20028] LOG:  el sistema de bases de datos está listo para aceptar conexiones
2025-11-13 00:11:41.637 -03 [10212] LOG:  empezando checkpoint: time
2025-11-13 00:11:41.645 -03 [10212] LOG:  checkpoint completo: escritos 3 búfers (0.0%); 0 archivos WAL añadidos, 0 eliminados, 0 reciclados; write=0.002 s, sync=0.001 s, total=0.013 s; archivos sincronizados=2, más largo=0.001 s, promedio=0.001 s; distancia=0 kB, estimación=0 kB; lsn=0/15B10E8, lsn de redo=0/15B1090
2025-11-13 00:17:19.729 -03 [24012] FATAL:  no existe la base de datos «naivepaydb»
2025-11-13 00:17:21.927 -03 [15764] FATAL:  no existe la base de datos «naivepaydb»
2025-11-13 00:21:44.905 -03 [26204] FATAL:  no existe la base de datos «naivepaydb»
2025-11-13 00:21:47.058 -03 [15552] FATAL:  no existe la base de datos «naivepaydb»
