[INFO] Scanning for projects...
[INFO] 
[INFO] ---------------------< cl.ufro.dci:naive-pay-api >----------------------
[INFO] Building naive-pay-api 0.0.1-SNAPSHOT
[INFO]   from pom.xml
[INFO] --------------------------------[ jar ]---------------------------------
[INFO] 
[INFO] >>> spring-boot:3.5.6:run (default-cli) > test-compile @ naive-pay-api >>>
[INFO] 
[INFO] --- resources:3.3.1:resources (default-resources) @ naive-pay-api ---
[INFO] Copying 3 resources from src\main\resources to target\classes
[INFO] Copying 3 resources from src\main\resources to target\classes
[INFO] 
[INFO] --- compiler:3.14.0:compile (default-compile) @ naive-pay-api ---
[INFO] Nothing to compile - all classes are up to date.
[INFO] 
[INFO] --- resources:3.3.1:testResources (default-testResources) @ naive-pay-api ---
[INFO] skip non existing resourceDirectory C:\Users\angel\OneDrive\Escritorio\np\naive-pay-api\src\test\resources
[INFO] 
[INFO] --- compiler:3.14.0:testCompile (default-testCompile) @ naive-pay-api ---
[INFO] Nothing to compile - all classes are up to date.
[INFO] 
[INFO] <<< spring-boot:3.5.6:run (default-cli) < test-compile @ naive-pay-api <<<
[INFO] 
[INFO] 
[INFO] --- spring-boot:3.5.6:run (default-cli) @ naive-pay-api ---
[INFO] Attaching agents: []
  _   _       _           _____                      __          __  _
 | \ | |     (_)         |  __ \                     \ \        / / | |
 |  \| | __ _ ___   _____| |__) |_ _ _   _   ______   \ \  /\  / /__| |__
 | . ` |/ _` | \ \ / / _ \  ___/ _` | | | | |______|   \ \/  \/ / _ \ '_ \
 | |\  | (_| | |\ V /  __/ |  | (_| | |_| |             \  /\  /  __/ |_) |
 |_| \_|\__,_|_| \_/ \___|_|   \__,_|\__, |              \/  \/ \___|_.__/
                                      __/ |
                                     |___/

                      /^--^\     /^--^\     /^--^\
                      \____/     \____/     \____/
                     /      \   /      \   /      \
                    |        | |        | |        |
                     \__  __/   \__  __/   \__  __/
|^|^|^|^|^|^|^|^|^|^|^|^\ \^|^|^|^/ /^|^|^|^|^\ \^|^|^|^|^|^|^|^|^|^|^|^|^|
| | | | | | | | | | | | |\ \| | |/ /| | | | | | \ \ | | | | | | | | | | | |
| | | | | | | | | | | | / / | | |\ \| | | | | |/ /| | | | | | | | | | | | |
| | | | | | | | | | | | \/| | | | \/| | | | | |\/ | | | | | | | | | | | | |
###########################################################################
| | | | | | | | | | | | | | | | | | | | | | | | | | | | | | | | | | | | | |
| | | | | | | | | | | | | | | | | | | | | | | | | | | | | | | | | | | | | |
00:24:50 [INFO] NaivePayApiApplication - Starting NaivePayApiApplication using Java 21.0.7 with PID 33440 (C:\Users\angel\OneDrive\Escritorio\np\naive-pay-api\target\classes started by angel in C:\Users\angel\OneDrive\Escritorio\np\naive-pay-api)
00:24:50 [DEBUG] NaivePayApiApplication - Running with Spring Boot v3.5.6, Spring v6.2.11
00:24:50 [INFO] NaivePayApiApplication - The following 1 profile is active: "prod"
00:24:50 [INFO] DevToolsPropertyDefaultsPostProcessor - Devtools property defaults active! Set 'spring.devtools.add-properties' to 'false' to disable
00:24:50 [INFO] DevToolsPropertyDefaultsPostProcessor - For additional web related logging consider setting the 'logging.level.web' property to 'DEBUG'
00:24:51 [INFO] RepositoryConfigurationDelegate - Bootstrapping Spring Data JPA repositories in DEFAULT mode.
00:24:51 [INFO] RepositoryConfigurationDelegate - Finished Spring Data repository scanning in 108 ms. Found 19 JPA repository interfaces.
00:24:51 [INFO] TomcatWebServer - Tomcat initialized with port 8080 (http)
00:24:51 [INFO] StandardService - Starting service [Tomcat]
00:24:51 [INFO] StandardEngine - Starting Servlet engine: [Apache Tomcat/10.1.46]
00:24:51 [INFO] [/] - Initializing Spring embedded WebApplicationContext
00:24:51 [INFO] ServletWebServerApplicationContext - Root WebApplicationContext: initialization completed in 1422 ms
00:24:52 [INFO] LogHelper - HHH000204: Processing PersistenceUnitInfo [name: default]
00:24:52 [INFO] Version - HHH000412: Hibernate ORM core version 6.6.29.Final
00:24:52 [INFO] RegionFactoryInitiator - HHH000026: Second-level cache disabled
00:24:52 [INFO] SpringPersistenceUnitInfo - No LoadTimeWeaver setup: ignoring JPA class transformer
00:24:52 [INFO] HikariDataSource - HikariPool-1 - Starting...
00:24:52 [INFO] HikariPool - HikariPool-1 - Added connection org.postgresql.jdbc.PgConnection@2dab3204
00:24:52 [INFO] HikariDataSource - HikariPool-1 - Start completed.
00:24:52 [WARN] deprecation - HHH90000025: PostgreSQLDialect does not need to be specified explicitly using 'hibernate.dialect' (remove the property setting and it will be selected by default)
00:24:52 [INFO] pooling - HHH10001005: Database info:
	Database JDBC URL [Connecting through datasource 'HikariDataSource (HikariPool-1)']
	Database driver: undefined/unknown
	Database version: 16.10
	Autocommit mode: undefined/unknown
	Isolation level: undefined/unknown
	Minimum pool size: undefined/unknown
	Maximum pool size: undefined/unknown
00:24:53 [INFO] JtaPlatformInitiator - HHH000489: No JTA platform available (set 'hibernate.transaction.jta.platform' to enable JTA platform integration)
00:24:53 [INFO] access - HHH10001501: Connection obtained from JdbcConnectionAccess [org.hibernate.engine.jdbc.env.internal.JdbcEnvironmentInitiator$ConnectionProviderJdbcConnectionAccess@6bd01a98] for (non-JTA) DDL execution was not in auto-commit mode; the Connection 'local transaction' will be committed and the Connection will be set into auto-commit mode.
00:24:53 [INFO] access - HHH10001501: Connection obtained from JdbcConnectionAccess [org.hibernate.engine.jdbc.env.internal.JdbcEnvironmentInitiator$ConnectionProviderJdbcConnectionAccess@67e4a205] for (non-JTA) DDL execution was not in auto-commit mode; the Connection 'local transaction' will be committed and the Connection will be set into auto-commit mode.
00:24:53 [INFO] LocalContainerEntityManagerFactoryBean - Initialized JPA EntityManagerFactory for persistence unit 'default'
00:24:54 [INFO] QueryEnhancerFactory - Hibernate is in classpath; If applicable, HQL parser will be used.
00:24:54 [DEBUG] JwtAuthFilter - Filter 'jwtAuthFilter' configured for use
00:24:55 [WARN] JpaBaseConfiguration$JpaWebConfiguration - spring.jpa.open-in-view is enabled by default. Therefore, database queries may be performed during view rendering. Explicitly configure spring.jpa.open-in-view to disable this warning
00:24:55 [WARN] UserDetailsServiceAutoConfiguration - 

Using generated security password: d75797eb-681d-4ee2-83ae-27531cd549d1

This generated password is for development use only. Your security configuration must be updated before running your application in production.

00:24:55 [INFO] InitializeUserDetailsBeanManagerConfigurer$InitializeUserDetailsManagerConfigurer - Global AuthenticationManager configured with UserDetailsService bean with name inMemoryUserDetailsManager
00:24:55 [INFO] H2ConsoleAutoConfiguration - H2 console available at '/h2-console'. Database available at 'jdbc:postgresql://localhost:5434/naivepaydb'
00:24:55 [INFO] OptionalLiveReloadServer - LiveReload server is running on port 35729
00:24:55 [INFO] TomcatWebServer - Tomcat started on port 8080 (http) with context path '/'
00:24:55 [INFO] NaivePayApiApplication - Started NaivePayApiApplication in 5.83 seconds (process running for 6.2)
Inicializando datos de prueba en la tabla de pagos...
DataInitializer: Insertados 5 registros en la tabla de pagos.
System account created (userId=0) with balance: 999999.00
Database fondos initialized
Categorías iniciales creadas exitosamente
00:40:34 [INFO] GracefulShutdown - Commencing graceful shutdown. Waiting for active requests to complete
00:40:34 [INFO] GracefulShutdown - Graceful shutdown complete
00:40:34 [INFO] LocalContainerEntityManagerFactoryBean - Closing JPA EntityManagerFactory for persistence unit 'default'
00:40:34 [INFO] HikariDataSource - HikariPool-1 - Shutdown initiated...
00:40:34 [INFO] HikariDataSource - HikariPool-1 - Shutdown completed.
[INFO] ------------------------------------------------------------------------
[INFO] BUILD SUCCESS
[INFO] ------------------------------------------------------------------------
[INFO] Total time:  15:47 min
[INFO] Finished at: 2025-11-13T00:40:35-03:00
[INFO] ------------------------------------------------------------------------
