
> ng-tailadmin@0.0.0 start
> ng serve

[33m>[39m Building...
[32mâˆš[39m Building...
[1mInitial chunk files[22m[2m | [22m[1mNames[22m                         [2m | [22m [1mRaw size[22m
[32mscripts.js[39m         [2m | [22m[2mscripts[22m                       [2m | [22m[36m773.39 kB[39m[2m | [22m
[32mstyles.css[39m         [2m | [22m[2mstyles[22m                        [2m | [22m[36m181.63 kB[39m[2m | [22m
[32mmain.js[39m            [2m | [22m[2mmain[22m                          [2m | [22m [36m11.41 kB[39m[2m | [22m
[32mchunk-3JPEENUE.js[39m  [2m | [22m[2m-[22m                             [2m | [22m  [36m5.07 kB[39m[2m | [22m
[32mchunk-FAOSH6CU.js[39m  [2m | [22m[2m-[22m                             [2m | [22m  [36m2.16 kB[39m[2m | [22m
[32mchunk-EVSPGG2W.js[39m  [2m | [22m[2m-[22m                             [2m | [22m  [36m1.64 kB[39m[2m | [22m
[32mpolyfills.js[39m       [2m | [22m[2mpolyfills[22m                     [2m | [22m [36m95 bytes[39m[2m | [22m

[1m [22m                  [2m | [22m[1mInitial total[22m                 [2m | [22m[1m975.40 kB[22m

[1mLazy chunk files[22m   [2m | [22m[1mNames[22m                         [2m | [22m [1mRaw size[22m
[32mchunk-WJAAY6MW.js[39m  [2m | [22m[2m-[22m                             [2m | [22m[36m170.37 kB[39m[2m | [22m
[32mchunk-JDHITZKS.js[39m  [2m | [22m[2mform-elements-component[22m       [2m | [22m[36m154.93 kB[39m[2m | [22m
[32mchunk-VWSGRO76.js[39m  [2m | [22m[2mbasic-tables-component[22m        [2m | [22m[36m112.47 kB[39m[2m | [22m
[32mchunk-PTV47VJR.js[39m  [2m | [22m[2mreporte-component[22m             [2m | [22m [36m88.07 kB[39m[2m | [22m
[32mchunk-VCK7HB2J.js[39m  [2m | [22m[2m-[22m                             [2m | [22m [36m84.13 kB[39m[2m | [22m
[32mchunk-SIFBDMJL.js[39m  [2m | [22m[2mprofile-component[22m             [2m | [22m [36m74.76 kB[39m[2m | [22m
[32mchunk-EDNGF4UH.js[39m  [2m | [22m[2mfondos[22m                        [2m | [22m [36m45.41 kB[39m[2m | [22m
[32mchunk-OXYYBP7U.js[39m  [2m | [22m[2mregistro-component[22m            [2m | [22m [36m37.31 kB[39m[2m | [22m
[32mchunk-LY3TJHQA.js[39m  [2m | [22m[2mpassword-recovery-component[22m   [2m | [22m [36m33.73 kB[39m[2m | [22m
[32mchunk-MNZEWFAX.js[39m  [2m | [22m[2mincome-commerce-form-component[22m[2m | [22m [36m32.76 kB[39m[2m | [22m
[32mchunk-JNSVNAUK.js[39m  [2m | [22m[2mvalidation-process-component[22m  [2m | [22m [36m30.29 kB[39m[2m | [22m
[32mchunk-G5IYVD35.js[39m  [2m | [22m[2mlogin-component[22m               [2m | [22m [36m29.60 kB[39m[2m | [22m
[32mchunk-LWLUQYGL.js[39m  [2m | [22m[2mdispositivos-component[22m        [2m | [22m [36m27.98 kB[39m[2m | [22m
[32mchunk-W2OSOW2P.js[39m  [2m | [22m[2mpromociones-component[22m         [2m | [22m [36m26.63 kB[39m[2m | [22m
[32mchunk-MKTN6LNW.js[39m  [2m | [22m[2mrecompensas-component[22m         [2m | [22m [36m22.76 kB[39m[2m | [22m
[2m...and 36 more lazy chunks files. Use "--verbose" to show all the files.[22m

Application bundle generation complete. [8.962 seconds]

Watch mode enabled. Watching for file changes...
NOTE: Raw file sizes do not reflect development server per-request transformations.
[2m11:28:53 p.Â m.[22m [36m[1m[vite][22m[39m [34m[2m(ssr)[22m[39m Re-optimizing dependencies because vite config has changed
[2m11:28:53 p.Â m.[22m [36m[1m[vite][22m[39m [90m[2m(client)[22m[39m Re-optimizing dependencies because vite config has changed
  [32mâžœ[39m  [1mLocal[22m:   [36mhttp://localhost:[1m4200[22m/[39m
¨Desea terminar el trabajo por lotes (S/N)? 
